#
# A fatal error has been detected by the Java Runtime Environment:
#
#  EXCEPTION_ACCESS_VIOLATION (0xc0000005) at pc=0x0000000065547825, pid=3816, tid=7132
#
# JRE version: Java(TM) SE Runtime Environment (8.0_31-b13) (build 1.8.0_31-b13)
# Java VM: Java HotSpot(TM) 64-Bit Server VM (25.31-b07 mixed mode windows-amd64 compressed oops)
# Problematic frame:
# V  [jvm.dll+0x67825]
#
# Failed to write core dump. Minidumps are not enabled by default on client versions of Windows
#
# If you would like to submit a bug report, please visit:
#   http://bugreport.java.com/bugreport/crash.jsp
#

---------------  T H R E A D  ---------------

Current thread (0x0000000019a4e000):  VMThread [stack: 0x000000001ab50000,0x000000001ac50000] [id=7132]

siginfo: ExceptionCode=0xc0000005, reading address 0xffffffffffffffff

Registers:
RAX=0x700000000065a99e, RBX=0x0000000002dc9a80, RCX=0x00000000191d1959, RDX=0x0000000000000001
RSP=0x000000001ac4ecc8, RBP=0x000000001ac4ed49, RSI=0x0000000002dc9850, RDI=0x0000000000000000
R8 =0x000000001ac4ed01, R9 =0x00000000654e0000, R10=0x0000000000000000, R11=0x0000000002dc9a80
R12=0x0000000065547820, R13=0x000000000000f000, R14=0x0000000065a97f78, R15=0x0000000065c7e2f0
RIP=0x0000000065547825, EFLAGS=0x0000000000010206

Top of Stack: (sp=0x000000001ac4ecc8)
0x000000001ac4ecc8:   000000006556b561 0000000002dc9a80
0x000000001ac4ecd8:   000000001ac4ed49 0000000002dc9850
0x000000001ac4ece8:   0000000000000000 0000000000000000
0x000000001ac4ecf8:   0000000002dc999a 0000000002dc9a80
0x000000001ac4ed08:   0000000002dc9850 0000000002dc9da9
0x000000001ac4ed18:   0000000000000060 0000000002dc94b0
0x000000001ac4ed28:   0000000065000000 0000000002dc9a80
0x000000001ac4ed38:   0000000002dc9a80 0000000002dca640
0x000000001ac4ed48:   0000000002dc9a80 0000000002dca640
0x000000001ac4ed58:   0000000002dca768 0000000065a97f78
0x000000001ac4ed68:   000000001ac4ecf0 0000000000000000
0x000000001ac4ed78:   0000000065562e99 0000000065c7e3c0
0x000000001ac4ed88:   0000000000000c00 0000000065c7e3c0
0x000000001ac4ed98:   0000000000000000 000000001ac4ef90
0x000000001ac4eda8:   0000000065563275 00000000025923f0
0x000000001ac4edb8:   0000000065547830 0000000002dc9850 

Instructions: (pc=0x0000000065547825)
0x0000000065547805:   24 60 48 8b 6c 24 68 48 8b 74 24 70 48 83 c4 30
0x0000000065547815:   41 5f 41 5e 41 5d 41 5c 5f c3 cc 48 8b 01 b2 01
0x0000000065547825:   48 ff 60 48 cc cc cc cc cc cc cc 48 8d 15 e9 ff
0x0000000065547835:   ff ff e9 04 3c 02 00 cc cc cc cc 40 57 48 83 ec 


Register to memory mapping:

RAX=0x700000000065a99e is an unknown value
RBX=0x0000000002dc9a80 is at entry_point+0 in (nmethod*)0x0000000002dc9850
RCX=0x00000000191d1959 is pointing into metadata
RDX=0x0000000000000001 is an unknown value
RSP=0x000000001ac4ecc8 is an unknown value
RBP=0x000000001ac4ed49 is an unknown value
RSI=0x0000000002dc9850 is at entry_point+-560 in (nmethod*)0x0000000002dc9850
RDI=0x0000000000000000 is an unknown value
R8 =0x000000001ac4ed01 is an unknown value
R9 =0x00000000654e0000 is an unknown value
R10=0x0000000000000000 is an unknown value
R11=0x0000000002dc9a80 is at entry_point+0 in (nmethod*)0x0000000002dc9850
R12=0x0000000065547820 is an unknown value
R13=0x000000000000f000 is an unknown value
R14=0x0000000065a97f78 is an unknown value
R15=0x0000000065c7e2f0 is an unknown value


Stack: [0x000000001ab50000,0x000000001ac50000],  sp=0x000000001ac4ecc8,  free space=1019k
Native frames: (J=compiled Java code, j=interpreted, Vv=VM code, C=native code)
V  [jvm.dll+0x67825]

VM_Operation (0x00000000029ec8f0): CollectForMetadataAllocation, mode: safepoint, requested by thread 0x000000000245f000


---------------  P R O C E S S  ---------------

Java Threads: ( => current thread )
  0x000000001c388000 JavaThread "RMI TCP Accept-0" daemon [_thread_in_native, id=7236, stack(0x000000001cba0000,0x000000001cca0000)]
  0x000000001c371800 JavaThread "RMI TCP Accept-50069" daemon [_thread_in_native, id=3172, stack(0x000000001c9b0000,0x000000001cab0000)]
  0x000000001c418800 JavaThread "RMI TCP Accept-0" daemon [_thread_in_native, id=7444, stack(0x000000001c740000,0x000000001c840000)]
  0x000000001ae9a000 JavaThread "Service Thread" daemon [_thread_blocked, id=7768, stack(0x000000001b920000,0x000000001ba20000)]
  0x000000001ae2a800 JavaThread "C1 CompilerThread2" daemon [_thread_blocked, id=3724, stack(0x000000001b640000,0x000000001b740000)]
  0x000000001ae24000 JavaThread "C2 CompilerThread1" daemon [_thread_blocked, id=5272, stack(0x000000001b7c0000,0x000000001b8c0000)]
  0x000000001ae0f800 JavaThread "C2 CompilerThread0" daemon [_thread_blocked, id=1652, stack(0x000000001b1f0000,0x000000001b2f0000)]
  0x000000001ae07800 JavaThread "Attach Listener" daemon [_thread_blocked, id=7748, stack(0x000000001b500000,0x000000001b600000)]
  0x000000001ae07000 JavaThread "Signal Dispatcher" daemon [_thread_blocked, id=6272, stack(0x000000001b320000,0x000000001b420000)]
  0x0000000019a5b000 JavaThread "Finalizer" daemon [_thread_blocked, id=5008, stack(0x000000001aa50000,0x000000001ab50000)]
  0x0000000019a52000 JavaThread "Reference Handler" daemon [_thread_blocked, id=6968, stack(0x000000001acf0000,0x000000001adf0000)]
  0x000000000245f000 JavaThread "main" [_thread_blocked, id=1132, stack(0x00000000028f0000,0x00000000029f0000)]

Other Threads:
=>0x0000000019a4e000 VMThread [stack: 0x000000001ab50000,0x000000001ac50000] [id=7132]
  0x000000001c35f800 WatcherThread [stack: 0x000000001c870000,0x000000001c970000] [id=1400]

VM state:at safepoint (normal execution)

VM Mutex/Monitor currently owned by a thread:  ([mutex/lock_event])
[0x000000000245d800] Threads_lock - owner thread: 0x0000000019a4e000
[0x000000000245dd00] Heap_lock - owner thread: 0x000000000245f000

Heap:
 PSYoungGen      total 56832K, used 7660K [0x0000000780b00000, 0x0000000787a00000, 0x00000007c0000000)
  eden space 49152K, 0% used [0x0000000780b00000,0x0000000780b00000,0x0000000783b00000)
  from space 7680K, 99% used [0x0000000783b00000,0x000000078427b258,0x0000000784280000)
  to   space 7680K, 0% used [0x0000000787280000,0x0000000787280000,0x0000000787a00000)
 ParOldGen       total 130048K, used 7234K [0x0000000702000000, 0x0000000709f00000, 0x0000000780b00000)
  object space 130048K, 5% used [0x0000000702000000,0x0000000702710900,0x0000000709f00000)
 Metaspace       used 20900K, capacity 21150K, committed 21296K, reserved 1069056K
  class space    used 2585K, capacity 2640K, committed 2688K, reserved 1048576K

Card table byte_map: [0x0000000011db0000,0x00000000123b0000] byte_map_base: 0x000000000e5a0000

Marking Bits: (ParMarkBitMap*) 0x0000000065cbd4f0
 Begin Bits: [0x0000000012bd0000, 0x0000000015b50000)
 End Bits:   [0x0000000015b50000, 0x0000000018ad0000)

Polling page: 0x0000000000320000

CodeCache: size=245760Kb used=7106Kb max_used=7106Kb free=238653Kb
 bounds [0x00000000029f0000, 0x00000000030f0000, 0x00000000119f0000]
 total_blobs=2354 nmethods=1972 adapters=295
 compilation: enabled

Compilation events (10 events):
Event: 3.102 Thread 0x000000001ae2a800 1979       3       org.springframework.core.env.MapPropertySource::containsProperty (14 bytes)
Event: 3.102 Thread 0x000000001ae2a800 nmethod 1979 0x00000000030e2490 code [0x00000000030e2600, 0x00000000030e2928]
Event: 3.102 Thread 0x000000001ae2a800 1980       3       org.springframework.core.env.SystemEnvironmentPropertySource::containsProperty (14 bytes)
Event: 3.102 Thread 0x000000001ae2a800 nmethod 1980 0x00000000030e2a10 code [0x00000000030e2b80, 0x00000000030e2d88]
Event: 3.105 Thread 0x000000001ae2a800 1981       3       java.util.Collections::emptyIterator (4 bytes)
Event: 3.105 Thread 0x000000001ae2a800 nmethod 1981 0x00000000030e2e10 code [0x00000000030e2f60, 0x00000000030e3090]
Event: 3.105 Thread 0x000000001ae2a800 1982       3       java.util.Collections$EmptyIterator::hasNext (2 bytes)
Event: 3.105 Thread 0x000000001ae2a800 nmethod 1982 0x00000000030e3110 code [0x00000000030e3260, 0x00000000030e33b0]
Event: 3.105 Thread 0x000000001ae2a800 1983       2       java.util.HashSet::add (20 bytes)
Event: 3.106 Thread 0x000000001ae2a800 nmethod 1983 0x00000000030e3410 code [0x00000000030e3580, 0x00000000030e3728]

GC Heap History (7 events):
Event: 1.840 GC heap before
{Heap before GC invocations=1 (full 0):
 PSYoungGen      total 56832K, used 49152K [0x0000000780b00000, 0x0000000784a00000, 0x00000007c0000000)
  eden space 49152K, 100% used [0x0000000780b00000,0x0000000783b00000,0x0000000783b00000)
  from space 7680K, 0% used [0x0000000784280000,0x0000000784280000,0x0000000784a00000)
  to   space 7680K, 0% used [0x0000000783b00000,0x0000000783b00000,0x0000000784280000)
 ParOldGen       total 130048K, used 0K [0x0000000702000000, 0x0000000709f00000, 0x0000000780b00000)
  object space 130048K, 0% used [0x0000000702000000,0x0000000702000000,0x0000000709f00000)
 Metaspace       used 13001K, capacity 13184K, committed 13440K, reserved 1060864K
  class space    used 1565K, capacity 1598K, committed 1664K, reserved 1048576K
Event: 1.847 GC heap after
Heap after GC invocations=1 (full 0):
 PSYoungGen      total 56832K, used 7662K [0x0000000780b00000, 0x0000000784a00000, 0x00000007c0000000)
  eden space 49152K, 0% used [0x0000000780b00000,0x0000000780b00000,0x0000000783b00000)
  from space 7680K, 99% used [0x0000000783b00000,0x000000078427b858,0x0000000784280000)
  to   space 7680K, 0% used [0x0000000784280000,0x0000000784280000,0x0000000784a00000)
 ParOldGen       total 130048K, used 364K [0x0000000702000000, 0x0000000709f00000, 0x0000000780b00000)
  object space 130048K, 0% used [0x0000000702000000,0x000000070205b3d8,0x0000000709f00000)
 Metaspace       used 13001K, capacity 13184K, committed 13440K, reserved 1060864K
  class space    used 1565K, capacity 1598K, committed 1664K, reserved 1048576K
}
Event: 2.633 GC heap before
{Heap before GC invocations=2 (full 0):
 PSYoungGen      total 56832K, used 56814K [0x0000000780b00000, 0x0000000784a00000, 0x00000007c0000000)
  eden space 49152K, 100% used [0x0000000780b00000,0x0000000783b00000,0x0000000783b00000)
  from space 7680K, 99% used [0x0000000783b00000,0x000000078427b858,0x0000000784280000)
  to   space 7680K, 0% used [0x0000000784280000,0x0000000784280000,0x0000000784a00000)
 ParOldGen       total 130048K, used 364K [0x0000000702000000, 0x0000000709f00000, 0x0000000780b00000)
  object space 130048K, 0% used [0x0000000702000000,0x000000070205b3d8,0x0000000709f00000)
 Metaspace       used 20229K, capacity 20492K, committed 20608K, reserved 1067008K
  class space    used 2510K, capacity 2573K, committed 2688K, reserved 1048576K
Event: 2.648 GC heap after
Heap after GC invocations=2 (full 0):
 PSYoungGen      total 56832K, used 7676K [0x0000000780b00000, 0x0000000787a00000, 0x00000007c0000000)
  eden space 49152K, 0% used [0x0000000780b00000,0x0000000780b00000,0x0000000783b00000)
  from space 7680K, 99% used [0x0000000784280000,0x00000007849ff0e8,0x0000000784a00000)
  to   space 7680K, 0% used [0x0000000783b00000,0x0000000783b00000,0x0000000784280000)
 ParOldGen       total 130048K, used 4963K [0x0000000702000000, 0x0000000709f00000, 0x0000000780b00000)
  object space 130048K, 3% used [0x0000000702000000,0x00000007024d8f40,0x0000000709f00000)
 Metaspace       used 20229K, capacity 20492K, committed 20608K, reserved 1067008K
  class space    used 2510K, capacity 2573K, committed 2688K, reserved 1048576K
}
Event: 3.107 GC heap before
{Heap before GC invocations=3 (full 0):
 PSYoungGen      total 56832K, used 45976K [0x0000000780b00000, 0x0000000787a00000, 0x00000007c0000000)
  eden space 49152K, 77% used [0x0000000780b00000,0x0000000783067158,0x0000000783b00000)
  from space 7680K, 99% used [0x0000000784280000,0x00000007849ff0e8,0x0000000784a00000)
  to   space 7680K, 0% used [0x0000000783b00000,0x0000000783b00000,0x0000000784280000)
 ParOldGen       total 130048K, used 4963K [0x0000000702000000, 0x0000000709f00000, 0x0000000780b00000)
  object space 130048K, 3% used [0x0000000702000000,0x00000007024d8f40,0x0000000709f00000)
 Metaspace       used 20900K, capacity 21150K, committed 21296K, reserved 1069056K
  class space    used 2585K, capacity 2640K, committed 2688K, reserved 1048576K
Event: 3.128 GC heap after
Heap after GC invocations=3 (full 0):
 PSYoungGen      total 56832K, used 7660K [0x0000000780b00000, 0x0000000787a00000, 0x00000007c0000000)
  eden space 49152K, 0% used [0x0000000780b00000,0x0000000780b00000,0x0000000783b00000)
  from space 7680K, 99% used [0x0000000783b00000,0x000000078427b258,0x0000000784280000)
  to   space 7680K, 0% used [0x0000000787280000,0x0000000787280000,0x0000000787a00000)
 ParOldGen       total 130048K, used 7234K [0x0000000702000000, 0x0000000709f00000, 0x0000000780b00000)
  object space 130048K, 5% used [0x0000000702000000,0x0000000702710900,0x0000000709f00000)
 Metaspace       used 20900K, capacity 21150K, committed 21296K, reserved 1069056K
  class space    used 2585K, capacity 2640K, committed 2688K, reserved 1048576K
}
Event: 3.128 GC heap before
{Heap before GC invocations=4 (full 1):
 PSYoungGen      total 56832K, used 7660K [0x0000000780b00000, 0x0000000787a00000, 0x00000007c0000000)
  eden space 49152K, 0% used [0x0000000780b00000,0x0000000780b00000,0x0000000783b00000)
  from space 7680K, 99% used [0x0000000783b00000,0x000000078427b258,0x0000000784280000)
  to   space 7680K, 0% used [0x0000000787280000,0x0000000787280000,0x0000000787a00000)
 ParOldGen       total 130048K, used 7234K [0x0000000702000000, 0x0000000709f00000, 0x0000000780b00000)
  object space 130048K, 5% used [0x0000000702000000,0x0000000702710900,0x0000000709f00000)
 Metaspace       used 20900K, capacity 21150K, committed 21296K, reserved 1069056K
  class space    used 2585K, capacity 2640K, committed 2688K, reserved 1048576K

Deoptimization events (10 events):
Event: 2.399 Thread 0x000000000245f000 Uncommon trap: reason=class_check action=maybe_recompile pc=0x0000000002d6fe2c method=java.util.regex.Pattern$CharProperty.match(Ljava/util/regex/Matcher;ILjava/lang/CharSequence;)Z @ 37
Event: 2.399 Thread 0x000000000245f000 Uncommon trap: reason=class_check action=maybe_recompile pc=0x0000000002d6fe2c method=java.util.regex.Pattern$CharProperty.match(Ljava/util/regex/Matcher;ILjava/lang/CharSequence;)Z @ 37
Event: 2.399 Thread 0x000000000245f000 Uncommon trap: reason=class_check action=maybe_recompile pc=0x0000000002d6fe2c method=java.util.regex.Pattern$CharProperty.match(Ljava/util/regex/Matcher;ILjava/lang/CharSequence;)Z @ 37
Event: 2.399 Thread 0x000000000245f000 Uncommon trap: reason=class_check action=maybe_recompile pc=0x0000000002d6fe2c method=java.util.regex.Pattern$CharProperty.match(Ljava/util/regex/Matcher;ILjava/lang/CharSequence;)Z @ 37
Event: 2.628 Thread 0x000000000245f000 Uncommon trap: reason=unloaded action=reinterpret pc=0x0000000002fadf10 method=org.springframework.util.ConcurrentReferenceHashMap$Segment.restructureIfNecessary(Z)V @ 312
Event: 3.065 Thread 0x000000000245f000 Uncommon trap: reason=class_check action=maybe_recompile pc=0x0000000002fc9be4 method=java.util.AbstractCollection.isEmpty()Z @ 1
Event: 3.070 Thread 0x000000000245f000 Uncommon trap: reason=class_check action=maybe_recompile pc=0x0000000002fc9be4 method=java.util.AbstractCollection.isEmpty()Z @ 1
Event: 3.071 Thread 0x000000000245f000 Uncommon trap: reason=bimorphic action=maybe_recompile pc=0x0000000002d947d0 method=java.util.HashMap.putVal(ILjava/lang/Object;Ljava/lang/Object;ZZ)Ljava/lang/Object; @ 203
Event: 3.074 Thread 0x000000000245f000 Uncommon trap: reason=class_check action=maybe_recompile pc=0x0000000002fc9be4 method=java.util.AbstractCollection.isEmpty()Z @ 1
Event: 3.104 Thread 0x000000000245f000 Uncommon trap: reason=bimorphic action=maybe_recompile pc=0x0000000002d947d0 method=java.util.HashMap.putVal(ILjava/lang/Object;Ljava/lang/Object;ZZ)Ljava/lang/Object; @ 203

Internal exceptions (10 events):
Event: 3.098 Thread 0x000000000245f000 Exception <a 'java/security/PrivilegedActionException'> (0x0000000782f602e8) thrown at [C:\workspace\8-2-build-windows-amd64-cygwin\jdk8u31\2394\hotspot\src\share\vm\prims\jvm.cpp, line 1312]
Event: 3.098 Thread 0x000000000245f000 Exception <a 'java/security/PrivilegedActionException'> (0x0000000782f6b778) thrown at [C:\workspace\8-2-build-windows-amd64-cygwin\jdk8u31\2394\hotspot\src\share\vm\prims\jvm.cpp, line 1312]
Event: 3.098 Thread 0x000000000245f000 Exception <a 'java/security/PrivilegedActionException'> (0x0000000782f6c2c0) thrown at [C:\workspace\8-2-build-windows-amd64-cygwin\jdk8u31\2394\hotspot\src\share\vm\prims\jvm.cpp, line 1312]
Event: 3.098 Thread 0x000000000245f000 Exception <a 'java/security/PrivilegedActionException'> (0x0000000782f77740) thrown at [C:\workspace\8-2-build-windows-amd64-cygwin\jdk8u31\2394\hotspot\src\share\vm\prims\jvm.cpp, line 1312]
Event: 3.099 Thread 0x000000000245f000 Exception <a 'java/security/PrivilegedActionException'> (0x0000000782f78088) thrown at [C:\workspace\8-2-build-windows-amd64-cygwin\jdk8u31\2394\hotspot\src\share\vm\prims\jvm.cpp, line 1312]
Event: 3.099 Thread 0x000000000245f000 Exception <a 'java/security/PrivilegedActionException'> (0x0000000782f83140) thrown at [C:\workspace\8-2-build-windows-amd64-cygwin\jdk8u31\2394\hotspot\src\share\vm\prims\jvm.cpp, line 1312]
Event: 3.099 Thread 0x000000000245f000 Exception <a 'java/security/PrivilegedActionException'> (0x0000000782f83c68) thrown at [C:\workspace\8-2-build-windows-amd64-cygwin\jdk8u31\2394\hotspot\src\share\vm\prims\jvm.cpp, line 1312]
Event: 3.099 Thread 0x000000000245f000 Exception <a 'java/security/PrivilegedActionException'> (0x0000000782f8ed00) thrown at [C:\workspace\8-2-build-windows-amd64-cygwin\jdk8u31\2394\hotspot\src\share\vm\prims\jvm.cpp, line 1312]
Event: 3.099 Thread 0x000000000245f000 Exception <a 'java/security/PrivilegedActionException'> (0x0000000782f93c80) thrown at [C:\workspace\8-2-build-windows-amd64-cygwin\jdk8u31\2394\hotspot\src\share\vm\prims\jvm.cpp, line 1312]
Event: 3.107 Thread 0x000000000245f000 Exception <a 'java/security/PrivilegedActionException'> (0x0000000782ff7c08) thrown at [C:\workspace\8-2-build-windows-amd64-cygwin\jdk8u31\2394\hotspot\src\share\vm\prims\jvm.cpp, line 1312]

Events (10 events):
Event: 3.099 loading class org/apache/jasper/compiler$JspConfig
Event: 3.099 loading class org/apache/jasper/compiler$JspConfig done
Event: 3.099 loading class org/springframework/boot/autoconfigure/condition/OnPropertyCondition$Spec
Event: 3.099 loading class org/springframework/boot/autoconfigure/condition/OnPropertyCondition$Spec done
Event: 3.104 Thread 0x000000000245f000 Uncommon trap: trap_request=0xffffffc6 fr.pc=0x0000000002d947d0
Event: 3.104 Thread 0x000000000245f000 DEOPT PACKING pc=0x0000000002d947d0 sp=0x00000000029eeae0
Event: 3.104 Thread 0x000000000245f000 DEOPT UNPACKING pc=0x0000000002a3556a sp=0x00000000029ee9a0 mode 2
Event: 3.107 loading class org/springframework/boot/autoconfigure/web/ResourceProperties
Event: 3.107 loading class org/springframework/boot/autoconfigure/web/ResourceProperties done
Event: 3.107 Executing VM operation: CollectForMetadataAllocation


Dynamic libraries:
0x000000013fd80000 - 0x000000013fdb4000 	E:\InstallSoftWare\jdk18for64\bin\javaw.exe
0x0000000077830000 - 0x00000000779da000 	C:\Windows\SYSTEM32\ntdll.dll
0x0000000077450000 - 0x000000007756f000 	C:\Windows\system32\kernel32.dll
0x000007fefdf80000 - 0x000007fefdfea000 	C:\Windows\system32\KERNELBASE.dll
0x000007feff560000 - 0x000007feff63b000 	C:\Windows\system32\ADVAPI32.dll
0x000007fefe070000 - 0x000007fefe10f000 	C:\Windows\system32\msvcrt.dll
0x000007fefe110000 - 0x000007fefe12f000 	C:\Windows\SYSTEM32\sechost.dll
0x000007fefe2b0000 - 0x000007fefe3dd000 	C:\Windows\system32\RPCRT4.dll
0x0000000077350000 - 0x000000007744a000 	C:\Windows\system32\USER32.dll
0x000007feff4f0000 - 0x000007feff557000 	C:\Windows\system32\GDI32.dll
0x000007feff1b0000 - 0x000007feff1be000 	C:\Windows\system32\LPK.dll
0x000007feffa70000 - 0x000007feffb3a000 	C:\Windows\system32\USP10.dll
0x000007fefc250000 - 0x000007fefc444000 	C:\Windows\WinSxS\amd64_microsoft.windows.common-controls_6595b64144ccf1df_6.0.7601.18837_none_fa3b1e3d17594757\COMCTL32.dll
0x000007feff450000 - 0x000007feff4c1000 	C:\Windows\system32\SHLWAPI.dll
0x000007feff180000 - 0x000007feff1ae000 	C:\Windows\system32\IMM32.DLL
0x000007feff6e0000 - 0x000007feff7e9000 	C:\Windows\system32\MSCTF.dll
0x000007fefdc60000 - 0x000007fefdc91000 	C:\Windows\system32\nvinitx.dll
0x0000000058110000 - 0x00000000581e2000 	E:\InstallSoftWare\jdk18for64\bin\msvcr100.dll
0x00000000654e0000 - 0x0000000065d3a000 	E:\InstallSoftWare\jdk18for64\bin\server\jvm.dll
0x000007fefa2f0000 - 0x000007fefa2f9000 	C:\Windows\system32\WSOCK32.dll
0x000007feff1c0000 - 0x000007feff20d000 	C:\Windows\system32\WS2_32.dll
0x000007fefe3e0000 - 0x000007fefe3e8000 	C:\Windows\system32\NSI.dll
0x000007fefbc10000 - 0x000007fefbc4b000 	C:\Windows\system32\WINMM.dll
0x0000000077a00000 - 0x0000000077a07000 	C:\Windows\system32\PSAPI.DLL
0x0000000072ed0000 - 0x0000000072edf000 	E:\InstallSoftWare\jdk18for64\bin\verify.dll
0x0000000072ea0000 - 0x0000000072ec8000 	E:\InstallSoftWare\jdk18for64\bin\java.dll
0x000000006c3b0000 - 0x000000006c3c6000 	E:\InstallSoftWare\jdk18for64\bin\zip.dll
0x000007fefe3f0000 - 0x000007feff179000 	C:\Windows\system32\SHELL32.dll
0x000007feff870000 - 0x000007feffa6c000 	C:\Windows\system32\ole32.dll
0x000007fefdca0000 - 0x000007fefdcaf000 	C:\Windows\system32\profapi.dll
0x00000000674f0000 - 0x00000000674fd000 	E:\InstallSoftWare\jdk18for64\bin\management.dll
0x000000006c3d0000 - 0x000000006c3ea000 	E:\InstallSoftWare\jdk18for64\bin\net.dll
0x000007fefd270000 - 0x000007fefd2c5000 	C:\Windows\system32\mswsock.dll
0x000007fefd260000 - 0x000007fefd267000 	C:\Windows\System32\wship6.dll
0x000000006c370000 - 0x000000006c381000 	E:\InstallSoftWare\jdk18for64\bin\nio.dll
0x000007fef8c70000 - 0x000007fef8c9d000 	C:\Program Files (x86)\Sangfor\SSL\ClientComponent\SangforNspX64.dll
0x000007fefe130000 - 0x000007fefe20a000 	C:\Windows\system32\OLEAUT32.dll
0x000007fefba90000 - 0x000007fefbaa5000 	C:\Windows\system32\NLAapi.dll
0x000007fef78a0000 - 0x000007fef78b5000 	C:\Windows\system32\napinsp.dll
0x000007fef7880000 - 0x000007fef7899000 	C:\Windows\system32\pnrpnsp.dll
0x000007fefd060000 - 0x000007fefd0bb000 	C:\Windows\system32\DNSAPI.dll
0x000007fef7850000 - 0x000007fef785b000 	C:\Windows\System32\winrnr.dll
0x000007fefd760000 - 0x000007fefd8da000 	C:\Program Files (x86)\Sangfor\SSL\ClientComponent\1_SangforTcpX64.dll
0x000007fefdae0000 - 0x000007fefdaec000 	C:\Windows\system32\VERSION.dll
0x000007fefe030000 - 0x000007fefe06b000 	C:\Windows\system32\WINTRUST.dll
0x000007fefde10000 - 0x000007fefdf7d000 	C:\Windows\system32\CRYPT32.dll
0x000007fefdd40000 - 0x000007fefdd4f000 	C:\Windows\system32\MSASN1.dll
0x000007fefdad0000 - 0x000007fefdad7000 	C:\Windows\System32\wshtcpip.dll
0x000007fefb130000 - 0x000007fefb157000 	C:\Windows\system32\IPHLPAPI.DLL
0x000007fefb120000 - 0x000007fefb12b000 	C:\Windows\system32\WINNSI.DLL
0x000007fefac00000 - 0x000007fefac11000 	C:\Windows\system32\dhcpcsvc6.DLL
0x000007fefad30000 - 0x000007fefad48000 	C:\Windows\system32\dhcpcsvc.DLL
0x000007fef8c60000 - 0x000007fef8c68000 	C:\Windows\system32\rasadhlp.dll
0x000007fefa470000 - 0x000007fefa4c3000 	C:\Windows\System32\fwpuclnt.dll
0x000007fefd2d0000 - 0x000007fefd2e7000 	C:\Windows\system32\CRYPTSP.dll
0x000007fefce80000 - 0x000007fefcec7000 	C:\Windows\system32\rsaenh.dll
0x000007fefcc40000 - 0x000007fefcc5e000 	C:\Windows\system32\USERENV.dll
0x000007fefdb90000 - 0x000007fefdb9f000 	C:\Windows\system32\CRYPTBASE.dll
0x000007fef91c0000 - 0x000007fef92e5000 	C:\Windows\system32\dbghelp.dll

VM Arguments:
jvm_args: -Dcom.sun.management.jmxremote -Dcom.sun.management.jmxremote.port=50069 -Dcom.sun.management.jmxremote.authenticate=false -Dcom.sun.management.jmxremote.ssl=false -Dspring.liveBeansView.mbeanDomain -Dspring.application.admin.enabled=true -Dfile.encoding=UTF-8 
java_command: com.sbaby.data.SbabyJpaDemoApplication --spring.output.ansi.enabled=always
java_class_path (initial): F:\InstallSoftWare\springboot\springboot\sbaby-data\target\classes;C:\Users\Administrator\.m2\maven_repository\org\springframework\boot\spring-boot-starter-web\1.4.1.RELEASE\spring-boot-starter-web-1.4.1.RELEASE.jar;C:\Users\Administrator\.m2\maven_repository\org\springframework\boot\spring-boot-starter\1.4.1.RELEASE\spring-boot-starter-1.4.1.RELEASE.jar;C:\Users\Administrator\.m2\maven_repository\org\springframework\boot\spring-boot\1.4.1.RELEASE\spring-boot-1.4.1.RELEASE.jar;C:\Users\Administrator\.m2\maven_repository\org\springframework\boot\spring-boot-autoconfigure\1.4.1.RELEASE\spring-boot-autoconfigure-1.4.1.RELEASE.jar;C:\Users\Administrator\.m2\maven_repository\org\springframework\boot\spring-boot-starter-logging\1.4.1.RELEASE\spring-boot-starter-logging-1.4.1.RELEASE.jar;C:\Users\Administrator\.m2\maven_repository\ch\qos\logback\logback-classic\1.1.7\logback-classic-1.1.7.jar;C:\Users\Administrator\.m2\maven_repository\ch\qos\logback\logback-core\1.1.7\logback-core-1.1.7.jar;C:\Users\Administrator\.m2\maven_repository\org\slf4j\jcl-over-slf4j\1.7.21\jcl-over-slf4j-1.7.21.jar;C:\Users\Administrator\.m2\maven_repository\org\slf4j\jul-to-slf4j\1.7.21\jul-to-slf4j-1.7.21.jar;C:\Users\Administrator\.m2\maven_repository\org\slf4j\log4j-over-slf4j\1.7.21\log4j-over-slf4j-1.7.21.jar;C:\Users\Administrator\.m2\maven_repository\org\yaml\snakeyaml\1.17\snakeyaml-1.17.jar;C:\Users\Administrator\.m2\maven_repository\org\hibernate\hibernate-validator\5.2.4.Final\hibernate-validator-5.2.4.Final.jar;C:\Users\Administrator\.m2\maven_repository\javax\validation\validation-api\1.1.0.Final\validation-api-1.1.0.Final.jar;C:\Users\Administrator\.m2\maven_repository\org\jboss\logging\jboss-logging\3.2.1.Final\jboss-logging-3.2.1.Final.jar;C:\Users\Administrator\.m2\maven_repository\com\fasterxml\classmate\1.1.0\classmate-1.1.0.jar;C:\Users\Administrator\.m2\maven_repository\com\fasterxml\jackson\core\jackson-databind\2.8.7\jackson-databind-2.8.7.jar;
Launcher Type: SUN_STANDARD

Environment Variables:
JAVA_HOME=E:\InstallSoftWare\jdk18for64\
PATH=E:/InstallSoftWare/jdk18for64/bin/server;E:/InstallSoftWare/jdk18for64/bin;E:/InstallSoftWare/jdk18for64/lib/amd64;C:\ProgramData\Oracle\Java\javapath;C:\Program Files (x86)\Common Files\NetSarang;F:\app\Administrator\product\11.2.0\dbhome_1\bin;C:\Windows\system32;C:\Windows;C:\Windows\System32\Wbem;C:\Windows\System32\WindowsPowerShell\v1.0\;D:\”¶”√»Ìº˛\Navicat 8.1 Lite MySQL;C:\;rogram Files (x86)\MySQL\MySQL Fabric 1.5.2 & MySQL Utilities 1.5.2 1.5\;C:\Program Files (x86)\MySQL\MySQL Fabric 1.5.2 & MySQL Utilities 1.5.2 1.5\Doctrine extensions for PHP\;D:\software\axis2\axis2-1.6.2\bin\;D:\software\maven\apache-maven-3.3.3\bin;D:\Program Files (x86)\instantclient-basic-win32-10.2.0.4\instantclient_10_2;F:\app\Administrator\product\11.2.0\dbhome_1\BIN;E:\nodeJs\node-v8.4.0-win-x64\;C:\Program Files\TortoiseSVN\bin;D:\software\android-sdk22.0.4\android-sdk-windows\tools;E:\nodeJs;E:\nodeStudy;E:\nmake;E:\redis3.0.1\redis-3.0.1;E:\ruby\ruby2.2.3\Ruby22-x64\bin;D:\software\Putty\putty_0.63cn3\;E:\InstallSoftWare\scala\bin;E:\InstallSoftWare\Cygwin\bin;E:\InstallSoftWare\slikSVN\bin;%JAVA_HOME%\bin;C:\Program Files\erl7.2.1\bin;C:\MinGW\bin;F:\InstallSoftWare\python;E:\InstallSoftWare\jdk18for64\bin;C:\Users\Administrator\AppData\Roaming\npm;E:\InstallSoftWare\jdk18for64;E:\InstallSoftWare\Docker\Docker Toolbox;E:\huaXiWork\eclipse\sts-bundle\sts-3.8.3.RELEASE;
USERNAME=Administrator
OS=Windows_NT
PROCESSOR_IDENTIFIER=Intel64 Family 6 Model 42 Stepping 7, GenuineIntel



---------------  S Y S T E M  ---------------

OS: Windows 7 , 64 bit Build 7601 Service Pack 1

CPU:total 4 (2 cores per cpu, 2 threads per core) family 6 model 42 stepping 7, cmov, cx8, fxsr, mmx, sse, sse2, sse3, ssse3, sse4.1, sse4.2, popcnt, avx, aes, clmul, ht, tsc, tscinvbit

Memory: 4k page, physical 12446572k(6980644k free), swap 24891284k(17738904k free)

vm_info: Java HotSpot(TM) 64-Bit Server VM (25.31-b07) for windows-amd64 JRE (1.8.0_31-b13), built on Dec 17 2014 21:00:28 by "java_re" with MS VC++ 10.0 (VS2010)

time: Thu Sep 07 09:57:14 2017
elapsed time: 3 seconds (0d 0h 0m 3s)

